  Checking Build System
  CMake does not need to re-run because C:/Users/p.raimbaud/Documents/build/CMakeFiles/generate.stamp is up-to-date.
  CMake does not need to re-run because C:/Users/p.raimbaud/Documents/build/optixBuffersOfBuffers/CMakeFiles/generate.stamp is up-to-date.
  CMake does not need to re-run because C:/Users/p.raimbaud/Documents/build/optixCallablePrograms/CMakeFiles/generate.stamp is up-to-date.
  CMake does not need to re-run because C:/Users/p.raimbaud/Documents/build/optixCompressedTexture/CMakeFiles/generate.stamp is up-to-date.
  CMake does not need to re-run because C:/Users/p.raimbaud/Documents/build/optixConsole/CMakeFiles/generate.stamp is up-to-date.
  CMake does not need to re-run because C:/Users/p.raimbaud/Documents/build/optixDenoiser/CMakeFiles/generate.stamp is up-to-date.
  CMake does not need to re-run because C:/Users/p.raimbaud/Documents/build/optixDeviceQuery/CMakeFiles/generate.stamp is up-to-date.
  CMake does not need to re-run because C:/Users/p.raimbaud/Documents/build/optixDynamicGeometry/CMakeFiles/generate.stamp is up-to-date.
  CMake does not need to re-run because C:/Users/p.raimbaud/Documents/build/optixGeometryTriangles/CMakeFiles/generate.stamp is up-to-date.
  CMake does not need to re-run because C:/Users/p.raimbaud/Documents/build/optixHello/CMakeFiles/generate.stamp is up-to-date.
  CMake does not need to re-run because C:/Users/p.raimbaud/Documents/build/optixInstancing/CMakeFiles/generate.stamp is up-to-date.
  CMake does not need to re-run because C:/Users/p.raimbaud/Documents/build/optixMDLDisplacement/CMakeFiles/generate.stamp is up-to-date.
  CMake does not need to re-run because C:/Users/p.raimbaud/Documents/build/optixMDLExpressions/CMakeFiles/generate.stamp is up-to-date.
  CMake does not need to re-run because C:/Users/p.raimbaud/Documents/build/optixMDLSphere/CMakeFiles/generate.stamp is up-to-date.
  CMake does not need to re-run because C:/Users/p.raimbaud/Documents/build/optixMeshViewer/CMakeFiles/generate.stamp is up-to-date.
  CMake does not need to re-run because C:/Users/p.raimbaud/Documents/build/optixMotionBlur/CMakeFiles/generate.stamp is up-to-date.
  CMake does not need to re-run because C:/Users/p.raimbaud/Documents/build/optixParticles/CMakeFiles/generate.stamp is up-to-date.
  CMake does not need to re-run because C:/Users/p.raimbaud/Documents/build/optixPathTracer/CMakeFiles/generate.stamp is up-to-date.
  CMake does not need to re-run because C:/Users/p.raimbaud/Documents/build/optixPrimitiveIndexOffsets/CMakeFiles/generate.stamp is up-to-date.
  CMake does not need to re-run because C:/Users/p.raimbaud/Documents/build/optixRaycasting/CMakeFiles/generate.stamp is up-to-date.
  CMake does not need to re-run because C:/Users/p.raimbaud/Documents/build/optixSelector/CMakeFiles/generate.stamp is up-to-date.
  CMake does not need to re-run because C:/Users/p.raimbaud/Documents/build/optixSphere/CMakeFiles/generate.stamp is up-to-date.
  CMake does not need to re-run because C:/Users/p.raimbaud/Documents/build/optixSpherePP/CMakeFiles/generate.stamp is up-to-date.
  CMake does not need to re-run because C:/Users/p.raimbaud/Documents/build/optixSSIMPredictor/CMakeFiles/generate.stamp is up-to-date.
  CMake does not need to re-run because C:/Users/p.raimbaud/Documents/build/optixTextureSampler/CMakeFiles/generate.stamp is up-to-date.
  CMake does not need to re-run because C:/Users/p.raimbaud/Documents/build/optixTutorial/CMakeFiles/generate.stamp is up-to-date.
  CMake does not need to re-run because C:/Users/p.raimbaud/Documents/build/optixWhitted/CMakeFiles/generate.stamp is up-to-date.
  CMake does not need to re-run because C:/Users/p.raimbaud/Documents/build/primeInstancing/CMakeFiles/generate.stamp is up-to-date.
  CMake does not need to re-run because C:/Users/p.raimbaud/Documents/build/primeMasking/CMakeFiles/generate.stamp is up-to-date.
  CMake does not need to re-run because C:/Users/p.raimbaud/Documents/build/primeMultiBuffering/CMakeFiles/generate.stamp is up-to-date.
  CMake does not need to re-run because C:/Users/p.raimbaud/Documents/build/primeMultiGpu/CMakeFiles/generate.stamp is up-to-date.
  CMake does not need to re-run because C:/Users/p.raimbaud/Documents/build/primeSimple/CMakeFiles/generate.stamp is up-to-date.
  CMake does not need to re-run because C:/Users/p.raimbaud/Documents/build/primeSimplePP/CMakeFiles/generate.stamp is up-to-date.
  CMake does not need to re-run because C:/Users/p.raimbaud/Documents/build/sutil/CMakeFiles/generate.stamp is up-to-date.
